2020-07-31 02:00:02.260 DEBUG glog_exp (main.go:main.loggic:12) msg:gjldfasfasgaslfalfabrin
2020-07-31 02:00:02.260 TRACE glog_exp (main.go:main.loggic:13) msg:gjldfasfasgaslfalfabrin
2020-07-31 02:00:02.260 INFO glog_exp (main.go:main.loggic:14) msg:gjldfasfasgaslfalfabrin
2020-07-31 02:00:02.260 WARN glog_exp (main.go:main.loggic:15) msg:gjldfasfasgaslfalfabrin
2020-07-31 02:00:02.260 ERROR glog_exp (main.go:main.loggic:16) msg:gjldfasfasgaslfalfabrin
2020-07-31 02:00:02.260 FATAL glog_exp (main.go:main.loggic:17) msg:gjldfasfasgaslfalfabrin
2020-07-31 02:00:05.268 DEBUG glog_exp (main.go:main.loggic:12) msg:gjldfasfasgaslfalfabrin
2020-07-31 02:00:05.268 TRACE glog_exp (main.go:main.loggic:13) msg:gjldfasfasgaslfalfabrin
2020-07-31 02:00:05.268 INFO glog_exp (main.go:main.loggic:14) msg:gjldfasfasgaslfalfabrin
2020-07-31 02:00:05.268 WARN glog_exp (main.go:main.loggic:15) msg:gjldfasfasgaslfalfabrin
2020-07-31 02:00:05.268 ERROR glog_exp (main.go:main.loggic:16) msg:gjldfasfasgaslfalfabrin
2020-07-31 02:00:05.268 FATAL glog_exp (main.go:main.loggic:17) msg:gjldfasfasgaslfalfabrin
2020-07-31 02:00:08.272 DEBUG glog_exp (main.go:main.loggic:12) msg:gjldfasfasgaslfalfabrin
2020-07-31 02:00:08.272 TRACE glog_exp (main.go:main.loggic:13) msg:gjldfasfasgaslfalfabrin
2020-07-31 02:00:08.272 INFO glog_exp (main.go:main.loggic:14) msg:gjldfasfasgaslfalfabrin
2020-07-31 02:00:08.272 WARN glog_exp (main.go:main.loggic:15) msg:gjldfasfasgaslfalfabrin
2020-07-31 02:00:08.272 ERROR glog_exp (main.go:main.loggic:16) msg:gjldfasfasgaslfalfabrin
2020-07-31 02:00:08.272 FATAL glog_exp (main.go:main.loggic:17) msg:gjldfasfasgaslfalfabrin
2020-07-31 02:00:11.279 DEBUG glog_exp (main.go:main.loggic:12) msg:gjldfasfasgaslfalfabrin
2020-07-31 02:00:11.279 TRACE glog_exp (main.go:main.loggic:13) msg:gjldfasfasgaslfalfabrin
2020-07-31 02:00:11.279 INFO glog_exp (main.go:main.loggic:14) msg:gjldfasfasgaslfalfabrin
2020-07-31 02:00:11.279 WARN glog_exp (main.go:main.loggic:15) msg:gjldfasfasgaslfalfabrin
2020-07-31 02:00:11.279 ERROR glog_exp (main.go:main.loggic:16) msg:gjldfasfasgaslfalfabrin
2020-07-31 02:00:11.279 FATAL glog_exp (main.go:main.loggic:17) msg:gjldfasfasgaslfalfabrin
2020-07-31 02:00:14.280 DEBUG glog_exp (main.go:main.loggic:12) msg:gjldfasfasgaslfalfabrin
2020-07-31 02:00:14.280 TRACE glog_exp (main.go:main.loggic:13) msg:gjldfasfasgaslfalfabrin
2020-07-31 02:00:14.280 INFO glog_exp (main.go:main.loggic:14) msg:gjldfasfasgaslfalfabrin
2020-07-31 02:00:14.280 WARN glog_exp (main.go:main.loggic:15) msg:gjldfasfasgaslfalfabrin
2020-07-31 02:00:14.280 ERROR glog_exp (main.go:main.loggic:16) msg:gjldfasfasgaslfalfabrin
2020-07-31 02:00:14.280 FATAL glog_exp (main.go:main.loggic:17) msg:gjldfasfasgaslfalfabrin
2020-07-31 02:00:17.280 DEBUG glog_exp (main.go:main.loggic:12) msg:gjldfasfasgaslfalfabrin
2020-07-31 02:00:17.280 TRACE glog_exp (main.go:main.loggic:13) msg:gjldfasfasgaslfalfabrin
2020-07-31 02:00:17.280 INFO glog_exp (main.go:main.loggic:14) msg:gjldfasfasgaslfalfabrin
2020-07-31 02:00:17.281 WARN glog_exp (main.go:main.loggic:15) msg:gjldfasfasgaslfalfabrin
2020-07-31 02:00:17.281 ERROR glog_exp (main.go:main.loggic:16) msg:gjldfasfasgaslfalfabrin
2020-07-31 02:00:17.281 FATAL glog_exp (main.go:main.loggic:17) msg:gjldfasfasgaslfalfabrin
2020-07-31 02:00:20.290 DEBUG glog_exp (main.go:main.loggic:12) msg:gjldfasfasgaslfalfabrin
2020-07-31 02:00:20.290 TRACE glog_exp (main.go:main.loggic:13) msg:gjldfasfasgaslfalfabrin
2020-07-31 02:00:20.290 INFO glog_exp (main.go:main.loggic:14) msg:gjldfasfasgaslfalfabrin
2020-07-31 02:00:20.290 WARN glog_exp (main.go:main.loggic:15) msg:gjldfasfasgaslfalfabrin
2020-07-31 02:00:20.290 ERROR glog_exp (main.go:main.loggic:16) msg:gjldfasfasgaslfalfabrin
2020-07-31 02:00:20.290 FATAL glog_exp (main.go:main.loggic:17) msg:gjldfasfasgaslfalfabrin
2020-07-31 02:00:23.291 DEBUG glog_exp (main.go:main.loggic:12) msg:gjldfasfasgaslfalfabrin
2020-07-31 02:00:23.291 TRACE glog_exp (main.go:main.loggic:13) msg:gjldfasfasgaslfalfabrin
2020-07-31 02:00:23.291 INFO glog_exp (main.go:main.loggic:14) msg:gjldfasfasgaslfalfabrin
2020-07-31 02:00:23.291 WARN glog_exp (main.go:main.loggic:15) msg:gjldfasfasgaslfalfabrin
2020-07-31 02:00:23.292 ERROR glog_exp (main.go:main.loggic:16) msg:gjldfasfasgaslfalfabrin
2020-07-31 02:00:23.292 FATAL glog_exp (main.go:main.loggic:17) msg:gjldfasfasgaslfalfabrin
2020-07-31 02:00:26.295 DEBUG glog_exp (main.go:main.loggic:12) msg:gjldfasfasgaslfalfabrin
2020-07-31 02:00:26.295 TRACE glog_exp (main.go:main.loggic:13) msg:gjldfasfasgaslfalfabrin
2020-07-31 02:00:26.295 INFO glog_exp (main.go:main.loggic:14) msg:gjldfasfasgaslfalfabrin
2020-07-31 02:00:26.295 WARN glog_exp (main.go:main.loggic:15) msg:gjldfasfasgaslfalfabrin
2020-07-31 02:00:26.295 ERROR glog_exp (main.go:main.loggic:16) msg:gjldfasfasgaslfalfabrin
2020-07-31 02:00:26.295 FATAL glog_exp (main.go:main.loggic:17) msg:gjldfasfasgaslfalfabrin
2020-07-31 02:00:29.302 DEBUG glog_exp (main.go:main.loggic:12) msg:gjldfasfasgaslfalfabrin
2020-07-31 02:00:29.302 TRACE glog_exp (main.go:main.loggic:13) msg:gjldfasfasgaslfalfabrin
2020-07-31 02:00:29.303 INFO glog_exp (main.go:main.loggic:14) msg:gjldfasfasgaslfalfabrin
2020-07-31 02:00:29.303 WARN glog_exp (main.go:main.loggic:15) msg:gjldfasfasgaslfalfabrin
2020-07-31 02:00:29.303 ERROR glog_exp (main.go:main.loggic:16) msg:gjldfasfasgaslfalfabrin
2020-07-31 02:00:29.303 FATAL glog_exp (main.go:main.loggic:17) msg:gjldfasfasgaslfalfabrin
2020-07-31 02:00:32.306 DEBUG glog_exp (main.go:main.loggic:12) msg:gjldfasfasgaslfalfabrin
2020-07-31 02:00:32.306 TRACE glog_exp (main.go:main.loggic:13) msg:gjldfasfasgaslfalfabrin
2020-07-31 02:00:32.306 INFO glog_exp (main.go:main.loggic:14) msg:gjldfasfasgaslfalfabrin
2020-07-31 02:00:32.306 WARN glog_exp (main.go:main.loggic:15) msg:gjldfasfasgaslfalfabrin
2020-07-31 02:00:32.306 ERROR glog_exp (main.go:main.loggic:16) msg:gjldfasfasgaslfalfabrin
2020-07-31 02:00:32.306 FATAL glog_exp (main.go:main.loggic:17) msg:gjldfasfasgaslfalfabrin
2020-07-31 02:00:35.311 DEBUG glog_exp (main.go:main.loggic:12) msg:gjldfasfasgaslfalfabrin
2020-07-31 02:00:35.311 TRACE glog_exp (main.go:main.loggic:13) msg:gjldfasfasgaslfalfabrin
2020-07-31 02:00:35.313 INFO glog_exp (main.go:main.loggic:14) msg:gjldfasfasgaslfalfabrin
2020-07-31 02:00:35.313 WARN glog_exp (main.go:main.loggic:15) msg:gjldfasfasgaslfalfabrin
2020-07-31 02:00:35.313 ERROR glog_exp (main.go:main.loggic:16) msg:gjldfasfasgaslfalfabrin
2020-07-31 02:00:35.313 FATAL glog_exp (main.go:main.loggic:17) msg:gjldfasfasgaslfalfabrin
2020-07-31 02:00:38.315 DEBUG glog_exp (main.go:main.loggic:12) msg:gjldfasfasgaslfalfabrin
2020-07-31 02:00:38.315 TRACE glog_exp (main.go:main.loggic:13) msg:gjldfasfasgaslfalfabrin
2020-07-31 02:00:38.315 INFO glog_exp (main.go:main.loggic:14) msg:gjldfasfasgaslfalfabrin
2020-07-31 02:00:38.315 WARN glog_exp (main.go:main.loggic:15) msg:gjldfasfasgaslfalfabrin
2020-07-31 02:00:38.315 ERROR glog_exp (main.go:main.loggic:16) msg:gjldfasfasgaslfalfabrin
2020-07-31 02:00:38.315 FATAL glog_exp (main.go:main.loggic:17) msg:gjldfasfasgaslfalfabrin
2020-07-31 02:00:41.317 DEBUG glog_exp (main.go:main.loggic:12) msg:gjldfasfasgaslfalfabrin
2020-07-31 02:00:41.317 TRACE glog_exp (main.go:main.loggic:13) msg:gjldfasfasgaslfalfabrin
2020-07-31 02:00:41.317 INFO glog_exp (main.go:main.loggic:14) msg:gjldfasfasgaslfalfabrin
2020-07-31 02:00:41.317 WARN glog_exp (main.go:main.loggic:15) msg:gjldfasfasgaslfalfabrin
2020-07-31 02:00:41.317 ERROR glog_exp (main.go:main.loggic:16) msg:gjldfasfasgaslfalfabrin
2020-07-31 02:00:41.317 FATAL glog_exp (main.go:main.loggic:17) msg:gjldfasfasgaslfalfabrin
2020-07-31 02:00:44.319 DEBUG glog_exp (main.go:main.loggic:12) msg:gjldfasfasgaslfalfabrin
2020-07-31 02:00:44.319 TRACE glog_exp (main.go:main.loggic:13) msg:gjldfasfasgaslfalfabrin
2020-07-31 02:00:44.319 INFO glog_exp (main.go:main.loggic:14) msg:gjldfasfasgaslfalfabrin
2020-07-31 02:00:44.319 WARN glog_exp (main.go:main.loggic:15) msg:gjldfasfasgaslfalfabrin
2020-07-31 02:00:44.319 ERROR glog_exp (main.go:main.loggic:16) msg:gjldfasfasgaslfalfabrin
2020-07-31 02:00:44.319 FATAL glog_exp (main.go:main.loggic:17) msg:gjldfasfasgaslfalfabrin
2020-07-31 02:00:47.323 DEBUG glog_exp (main.go:main.loggic:12) msg:gjldfasfasgaslfalfabrin
2020-07-31 02:00:47.323 TRACE glog_exp (main.go:main.loggic:13) msg:gjldfasfasgaslfalfabrin
2020-07-31 02:00:47.323 INFO glog_exp (main.go:main.loggic:14) msg:gjldfasfasgaslfalfabrin
2020-07-31 02:00:47.323 WARN glog_exp (main.go:main.loggic:15) msg:gjldfasfasgaslfalfabrin
2020-07-31 02:00:47.323 ERROR glog_exp (main.go:main.loggic:16) msg:gjldfasfasgaslfalfabrin
2020-07-31 02:00:47.323 FATAL glog_exp (main.go:main.loggic:17) msg:gjldfasfasgaslfalfabrin
2020-07-31 02:00:50.324 DEBUG glog_exp (main.go:main.loggic:12) msg:gjldfasfasgaslfalfabrin
2020-07-31 02:00:50.324 TRACE glog_exp (main.go:main.loggic:13) msg:gjldfasfasgaslfalfabrin
2020-07-31 02:00:50.324 INFO glog_exp (main.go:main.loggic:14) msg:gjldfasfasgaslfalfabrin
2020-07-31 02:00:50.324 WARN glog_exp (main.go:main.loggic:15) msg:gjldfasfasgaslfalfabrin
2020-07-31 02:00:50.324 ERROR glog_exp (main.go:main.loggic:16) msg:gjldfasfasgaslfalfabrin
2020-07-31 02:00:50.324 FATAL glog_exp (main.go:main.loggic:17) msg:gjldfasfasgaslfalfabrin
2020-07-31 02:00:53.328 DEBUG glog_exp (main.go:main.loggic:12) msg:gjldfasfasgaslfalfabrin
2020-07-31 02:00:53.328 TRACE glog_exp (main.go:main.loggic:13) msg:gjldfasfasgaslfalfabrin
2020-07-31 02:00:53.328 INFO glog_exp (main.go:main.loggic:14) msg:gjldfasfasgaslfalfabrin
2020-07-31 02:00:53.328 WARN glog_exp (main.go:main.loggic:15) msg:gjldfasfasgaslfalfabrin
2020-07-31 02:00:53.329 ERROR glog_exp (main.go:main.loggic:16) msg:gjldfasfasgaslfalfabrin
2020-07-31 02:00:53.329 FATAL glog_exp (main.go:main.loggic:17) msg:gjldfasfasgaslfalfabrin
2020-07-31 02:00:56.334 DEBUG glog_exp (main.go:main.loggic:12) msg:gjldfasfasgaslfalfabrin
2020-07-31 02:00:56.334 TRACE glog_exp (main.go:main.loggic:13) msg:gjldfasfasgaslfalfabrin
2020-07-31 02:00:56.334 INFO glog_exp (main.go:main.loggic:14) msg:gjldfasfasgaslfalfabrin
2020-07-31 02:00:56.336 WARN glog_exp (main.go:main.loggic:15) msg:gjldfasfasgaslfalfabrin
2020-07-31 02:00:56.336 ERROR glog_exp (main.go:main.loggic:16) msg:gjldfasfasgaslfalfabrin
2020-07-31 02:00:56.336 FATAL glog_exp (main.go:main.loggic:17) msg:gjldfasfasgaslfalfabrin
2020-07-31 02:00:59.340 DEBUG glog_exp (main.go:main.loggic:12) msg:gjldfasfasgaslfalfabrin
2020-07-31 02:00:59.340 TRACE glog_exp (main.go:main.loggic:13) msg:gjldfasfasgaslfalfabrin
2020-07-31 02:00:59.340 INFO glog_exp (main.go:main.loggic:14) msg:gjldfasfasgaslfalfabrin
2020-07-31 02:00:59.340 WARN glog_exp (main.go:main.loggic:15) msg:gjldfasfasgaslfalfabrin
2020-07-31 02:00:59.340 ERROR glog_exp (main.go:main.loggic:16) msg:gjldfasfasgaslfalfabrin
2020-07-31 02:00:59.340 FATAL glog_exp (main.go:main.loggic:17) msg:gjldfasfasgaslfalfabrin
2020-07-31 02:01:02.343 DEBUG glog_exp (main.go:main.loggic:12) msg:gjldfasfasgaslfalfabrin
2020-07-31 02:01:02.343 TRACE glog_exp (main.go:main.loggic:13) msg:gjldfasfasgaslfalfabrin
2020-07-31 02:01:02.343 INFO glog_exp (main.go:main.loggic:14) msg:gjldfasfasgaslfalfabrin
2020-07-31 02:01:02.343 WARN glog_exp (main.go:main.loggic:15) msg:gjldfasfasgaslfalfabrin
2020-07-31 02:01:02.343 ERROR glog_exp (main.go:main.loggic:16) msg:gjldfasfasgaslfalfabrin
2020-07-31 02:01:02.343 FATAL glog_exp (main.go:main.loggic:17) msg:gjldfasfasgaslfalfabrin
2020-07-31 02:01:05.348 DEBUG glog_exp (main.go:main.loggic:12) msg:gjldfasfasgaslfalfabrin
2020-07-31 02:01:05.348 TRACE glog_exp (main.go:main.loggic:13) msg:gjldfasfasgaslfalfabrin
2020-07-31 02:01:05.348 INFO glog_exp (main.go:main.loggic:14) msg:gjldfasfasgaslfalfabrin
2020-07-31 02:01:05.348 WARN glog_exp (main.go:main.loggic:15) msg:gjldfasfasgaslfalfabrin
2020-07-31 02:01:05.348 ERROR glog_exp (main.go:main.loggic:16) msg:gjldfasfasgaslfalfabrin
2020-07-31 02:01:05.348 FATAL glog_exp (main.go:main.loggic:17) msg:gjldfasfasgaslfalfabrin
2020-07-31 02:01:08.353 DEBUG glog_exp (main.go:main.loggic:12) msg:gjldfasfasgaslfalfabrin
2020-07-31 02:01:08.353 TRACE glog_exp (main.go:main.loggic:13) msg:gjldfasfasgaslfalfabrin
2020-07-31 02:01:08.353 INFO glog_exp (main.go:main.loggic:14) msg:gjldfasfasgaslfalfabrin
2020-07-31 02:01:08.353 WARN glog_exp (main.go:main.loggic:15) msg:gjldfasfasgaslfalfabrin
2020-07-31 02:01:08.353 ERROR glog_exp (main.go:main.loggic:16) msg:gjldfasfasgaslfalfabrin
2020-07-31 02:01:08.353 FATAL glog_exp (main.go:main.loggic:17) msg:gjldfasfasgaslfalfabrin
2020-07-31 02:01:11.355 DEBUG glog_exp (main.go:main.loggic:12) msg:gjldfasfasgaslfalfabrin
2020-07-31 02:01:11.355 TRACE glog_exp (main.go:main.loggic:13) msg:gjldfasfasgaslfalfabrin
2020-07-31 02:01:11.355 INFO glog_exp (main.go:main.loggic:14) msg:gjldfasfasgaslfalfabrin
2020-07-31 02:01:11.355 WARN glog_exp (main.go:main.loggic:15) msg:gjldfasfasgaslfalfabrin
2020-07-31 02:01:11.355 ERROR glog_exp (main.go:main.loggic:16) msg:gjldfasfasgaslfalfabrin
2020-07-31 02:01:11.355 FATAL glog_exp (main.go:main.loggic:17) msg:gjldfasfasgaslfalfabrin
2020-07-31 02:01:14.359 DEBUG glog_exp (main.go:main.loggic:12) msg:gjldfasfasgaslfalfabrin
2020-07-31 02:01:14.359 TRACE glog_exp (main.go:main.loggic:13) msg:gjldfasfasgaslfalfabrin
2020-07-31 02:01:14.359 INFO glog_exp (main.go:main.loggic:14) msg:gjldfasfasgaslfalfabrin
2020-07-31 02:01:14.359 WARN glog_exp (main.go:main.loggic:15) msg:gjldfasfasgaslfalfabrin
2020-07-31 02:01:14.359 ERROR glog_exp (main.go:main.loggic:16) msg:gjldfasfasgaslfalfabrin
2020-07-31 02:01:14.359 FATAL glog_exp (main.go:main.loggic:17) msg:gjldfasfasgaslfalfabrin
2020-07-31 02:01:17.361 DEBUG glog_exp (main.go:main.loggic:12) msg:gjldfasfasgaslfalfabrin
2020-07-31 02:01:17.361 TRACE glog_exp (main.go:main.loggic:13) msg:gjldfasfasgaslfalfabrin
2020-07-31 02:01:17.361 INFO glog_exp (main.go:main.loggic:14) msg:gjldfasfasgaslfalfabrin
2020-07-31 02:01:17.361 WARN glog_exp (main.go:main.loggic:15) msg:gjldfasfasgaslfalfabrin
2020-07-31 02:01:17.361 ERROR glog_exp (main.go:main.loggic:16) msg:gjldfasfasgaslfalfabrin
2020-07-31 02:01:17.361 FATAL glog_exp (main.go:main.loggic:17) msg:gjldfasfasgaslfalfabrin
2020-07-31 02:01:20.366 DEBUG glog_exp (main.go:main.loggic:12) msg:gjldfasfasgaslfalfabrin
2020-07-31 02:01:20.366 TRACE glog_exp (main.go:main.loggic:13) msg:gjldfasfasgaslfalfabrin
2020-07-31 02:01:20.366 INFO glog_exp (main.go:main.loggic:14) msg:gjldfasfasgaslfalfabrin
2020-07-31 02:01:20.366 WARN glog_exp (main.go:main.loggic:15) msg:gjldfasfasgaslfalfabrin
2020-07-31 02:01:20.366 ERROR glog_exp (main.go:main.loggic:16) msg:gjldfasfasgaslfalfabrin
2020-07-31 02:01:20.366 FATAL glog_exp (main.go:main.loggic:17) msg:gjldfasfasgaslfalfabrin
2020-07-31 02:01:23.371 DEBUG glog_exp (main.go:main.loggic:12) msg:gjldfasfasgaslfalfabrin
2020-07-31 02:01:23.371 TRACE glog_exp (main.go:main.loggic:13) msg:gjldfasfasgaslfalfabrin
2020-07-31 02:01:23.371 INFO glog_exp (main.go:main.loggic:14) msg:gjldfasfasgaslfalfabrin
2020-07-31 02:01:23.371 WARN glog_exp (main.go:main.loggic:15) msg:gjldfasfasgaslfalfabrin
2020-07-31 02:01:23.371 ERROR glog_exp (main.go:main.loggic:16) msg:gjldfasfasgaslfalfabrin
2020-07-31 02:01:23.371 FATAL glog_exp (main.go:main.loggic:17) msg:gjldfasfasgaslfalfabrin
2020-07-31 02:01:26.375 DEBUG glog_exp (main.go:main.loggic:12) msg:gjldfasfasgaslfalfabrin
2020-07-31 02:01:26.375 TRACE glog_exp (main.go:main.loggic:13) msg:gjldfasfasgaslfalfabrin
2020-07-31 02:01:26.375 INFO glog_exp (main.go:main.loggic:14) msg:gjldfasfasgaslfalfabrin
2020-07-31 02:01:26.375 WARN glog_exp (main.go:main.loggic:15) msg:gjldfasfasgaslfalfabrin
2020-07-31 02:01:26.375 ERROR glog_exp (main.go:main.loggic:16) msg:gjldfasfasgaslfalfabrin
2020-07-31 02:01:26.375 FATAL glog_exp (main.go:main.loggic:17) msg:gjldfasfasgaslfalfabrin
2020-07-31 02:01:29.377 DEBUG glog_exp (main.go:main.loggic:12) msg:gjldfasfasgaslfalfabrin
2020-07-31 02:01:29.377 TRACE glog_exp (main.go:main.loggic:13) msg:gjldfasfasgaslfalfabrin
2020-07-31 02:01:29.377 INFO glog_exp (main.go:main.loggic:14) msg:gjldfasfasgaslfalfabrin
2020-07-31 02:01:29.377 WARN glog_exp (main.go:main.loggic:15) msg:gjldfasfasgaslfalfabrin
2020-07-31 02:01:29.377 ERROR glog_exp (main.go:main.loggic:16) msg:gjldfasfasgaslfalfabrin
2020-07-31 02:01:29.377 FATAL glog_exp (main.go:main.loggic:17) msg:gjldfasfasgaslfalfabrin
2020-07-31 02:01:32.380 DEBUG glog_exp (main.go:main.loggic:12) msg:gjldfasfasgaslfalfabrin
2020-07-31 02:01:32.380 TRACE glog_exp (main.go:main.loggic:13) msg:gjldfasfasgaslfalfabrin
2020-07-31 02:01:32.380 INFO glog_exp (main.go:main.loggic:14) msg:gjldfasfasgaslfalfabrin
2020-07-31 02:01:32.380 WARN glog_exp (main.go:main.loggic:15) msg:gjldfasfasgaslfalfabrin
2020-07-31 02:01:32.380 ERROR glog_exp (main.go:main.loggic:16) msg:gjldfasfasgaslfalfabrin
2020-07-31 02:01:32.380 FATAL glog_exp (main.go:main.loggic:17) msg:gjldfasfasgaslfalfabrin
2020-07-31 02:01:35.384 DEBUG glog_exp (main.go:main.loggic:12) msg:gjldfasfasgaslfalfabrin
2020-07-31 02:01:35.384 TRACE glog_exp (main.go:main.loggic:13) msg:gjldfasfasgaslfalfabrin
2020-07-31 02:01:35.384 INFO glog_exp (main.go:main.loggic:14) msg:gjldfasfasgaslfalfabrin
2020-07-31 02:01:35.384 WARN glog_exp (main.go:main.loggic:15) msg:gjldfasfasgaslfalfabrin
2020-07-31 02:01:35.384 ERROR glog_exp (main.go:main.loggic:16) msg:gjldfasfasgaslfalfabrin
2020-07-31 02:01:35.384 FATAL glog_exp (main.go:main.loggic:17) msg:gjldfasfasgaslfalfabrin
2020-07-31 02:01:38.389 DEBUG glog_exp (main.go:main.loggic:12) msg:gjldfasfasgaslfalfabrin
2020-07-31 02:01:38.389 TRACE glog_exp (main.go:main.loggic:13) msg:gjldfasfasgaslfalfabrin
2020-07-31 02:01:38.389 INFO glog_exp (main.go:main.loggic:14) msg:gjldfasfasgaslfalfabrin
2020-07-31 02:01:38.389 WARN glog_exp (main.go:main.loggic:15) msg:gjldfasfasgaslfalfabrin
2020-07-31 02:01:38.389 ERROR glog_exp (main.go:main.loggic:16) msg:gjldfasfasgaslfalfabrin
2020-07-31 02:01:38.389 FATAL glog_exp (main.go:main.loggic:17) msg:gjldfasfasgaslfalfabrin
2020-07-31 02:01:41.394 DEBUG glog_exp (main.go:main.loggic:12) msg:gjldfasfasgaslfalfabrin
2020-07-31 02:01:41.394 TRACE glog_exp (main.go:main.loggic:13) msg:gjldfasfasgaslfalfabrin
2020-07-31 02:01:41.394 INFO glog_exp (main.go:main.loggic:14) msg:gjldfasfasgaslfalfabrin
2020-07-31 02:01:41.394 WARN glog_exp (main.go:main.loggic:15) msg:gjldfasfasgaslfalfabrin
2020-07-31 02:01:41.394 ERROR glog_exp (main.go:main.loggic:16) msg:gjldfasfasgaslfalfabrin
2020-07-31 02:01:41.394 FATAL glog_exp (main.go:main.loggic:17) msg:gjldfasfasgaslfalfabrin
2020-07-31 02:01:44.398 DEBUG glog_exp (main.go:main.loggic:12) msg:gjldfasfasgaslfalfabrin
2020-07-31 02:01:44.398 TRACE glog_exp (main.go:main.loggic:13) msg:gjldfasfasgaslfalfabrin
2020-07-31 02:01:44.398 INFO glog_exp (main.go:main.loggic:14) msg:gjldfasfasgaslfalfabrin
2020-07-31 02:01:44.398 WARN glog_exp (main.go:main.loggic:15) msg:gjldfasfasgaslfalfabrin
2020-07-31 02:01:44.398 ERROR glog_exp (main.go:main.loggic:16) msg:gjldfasfasgaslfalfabrin
2020-07-31 02:01:44.398 FATAL glog_exp (main.go:main.loggic:17) msg:gjldfasfasgaslfalfabrin
2020-07-31 02:01:47.403 DEBUG glog_exp (main.go:main.loggic:12) msg:gjldfasfasgaslfalfabrin
2020-07-31 02:01:47.403 TRACE glog_exp (main.go:main.loggic:13) msg:gjldfasfasgaslfalfabrin
2020-07-31 02:01:47.403 INFO glog_exp (main.go:main.loggic:14) msg:gjldfasfasgaslfalfabrin
2020-07-31 02:01:47.403 WARN glog_exp (main.go:main.loggic:15) msg:gjldfasfasgaslfalfabrin
2020-07-31 02:01:47.403 ERROR glog_exp (main.go:main.loggic:16) msg:gjldfasfasgaslfalfabrin
2020-07-31 02:01:47.403 FATAL glog_exp (main.go:main.loggic:17) msg:gjldfasfasgaslfalfabrin
2020-07-31 02:01:50.403 DEBUG glog_exp (main.go:main.loggic:12) msg:gjldfasfasgaslfalfabrin
2020-07-31 02:01:50.403 TRACE glog_exp (main.go:main.loggic:13) msg:gjldfasfasgaslfalfabrin
2020-07-31 02:01:50.403 INFO glog_exp (main.go:main.loggic:14) msg:gjldfasfasgaslfalfabrin
2020-07-31 02:01:50.403 WARN glog_exp (main.go:main.loggic:15) msg:gjldfasfasgaslfalfabrin
2020-07-31 02:01:50.403 ERROR glog_exp (main.go:main.loggic:16) msg:gjldfasfasgaslfalfabrin
2020-07-31 02:01:50.403 FATAL glog_exp (main.go:main.loggic:17) msg:gjldfasfasgaslfalfabrin
2020-07-31 02:01:53.408 DEBUG glog_exp (main.go:main.loggic:12) msg:gjldfasfasgaslfalfabrin
2020-07-31 02:01:53.408 TRACE glog_exp (main.go:main.loggic:13) msg:gjldfasfasgaslfalfabrin
2020-07-31 02:01:53.408 INFO glog_exp (main.go:main.loggic:14) msg:gjldfasfasgaslfalfabrin
2020-07-31 02:01:53.408 WARN glog_exp (main.go:main.loggic:15) msg:gjldfasfasgaslfalfabrin
2020-07-31 02:01:53.408 ERROR glog_exp (main.go:main.loggic:16) msg:gjldfasfasgaslfalfabrin
2020-07-31 02:01:53.408 FATAL glog_exp (main.go:main.loggic:17) msg:gjldfasfasgaslfalfabrin
2020-07-31 02:01:56.411 DEBUG glog_exp (main.go:main.loggic:12) msg:gjldfasfasgaslfalfabrin
2020-07-31 02:01:56.411 TRACE glog_exp (main.go:main.loggic:13) msg:gjldfasfasgaslfalfabrin
2020-07-31 02:01:56.411 INFO glog_exp (main.go:main.loggic:14) msg:gjldfasfasgaslfalfabrin
2020-07-31 02:01:56.412 WARN glog_exp (main.go:main.loggic:15) msg:gjldfasfasgaslfalfabrin
2020-07-31 02:01:56.412 ERROR glog_exp (main.go:main.loggic:16) msg:gjldfasfasgaslfalfabrin
2020-07-31 02:01:56.412 FATAL glog_exp (main.go:main.loggic:17) msg:gjldfasfasgaslfalfabrin
2020-07-31 02:01:59.415 DEBUG glog_exp (main.go:main.loggic:12) msg:gjldfasfasgaslfalfabrin
2020-07-31 02:01:59.415 TRACE glog_exp (main.go:main.loggic:13) msg:gjldfasfasgaslfalfabrin
2020-07-31 02:01:59.415 INFO glog_exp (main.go:main.loggic:14) msg:gjldfasfasgaslfalfabrin
2020-07-31 02:01:59.415 WARN glog_exp (main.go:main.loggic:15) msg:gjldfasfasgaslfalfabrin
2020-07-31 02:01:59.415 ERROR glog_exp (main.go:main.loggic:16) msg:gjldfasfasgaslfalfabrin
2020-07-31 02:01:59.415 FATAL glog_exp (main.go:main.loggic:17) msg:gjldfasfasgaslfalfabrin
2020-07-31 02:02:02.417 DEBUG glog_exp (main.go:main.loggic:12) msg:gjldfasfasgaslfalfabrin
2020-07-31 02:02:02.417 TRACE glog_exp (main.go:main.loggic:13) msg:gjldfasfasgaslfalfabrin
2020-07-31 02:02:02.417 INFO glog_exp (main.go:main.loggic:14) msg:gjldfasfasgaslfalfabrin
2020-07-31 02:02:02.417 WARN glog_exp (main.go:main.loggic:15) msg:gjldfasfasgaslfalfabrin
2020-07-31 02:02:02.417 ERROR glog_exp (main.go:main.loggic:16) msg:gjldfasfasgaslfalfabrin
2020-07-31 02:02:02.417 FATAL glog_exp (main.go:main.loggic:17) msg:gjldfasfasgaslfalfabrin
2020-07-31 02:02:05.417 DEBUG glog_exp (main.go:main.loggic:12) msg:gjldfasfasgaslfalfabrin
2020-07-31 02:02:05.417 TRACE glog_exp (main.go:main.loggic:13) msg:gjldfasfasgaslfalfabrin
2020-07-31 02:02:05.417 INFO glog_exp (main.go:main.loggic:14) msg:gjldfasfasgaslfalfabrin
2020-07-31 02:02:05.417 WARN glog_exp (main.go:main.loggic:15) msg:gjldfasfasgaslfalfabrin
2020-07-31 02:02:05.417 ERROR glog_exp (main.go:main.loggic:16) msg:gjldfasfasgaslfalfabrin
2020-07-31 02:02:05.417 FATAL glog_exp (main.go:main.loggic:17) msg:gjldfasfasgaslfalfabrin
2020-07-31 02:02:08.419 DEBUG glog_exp (main.go:main.loggic:12) msg:gjldfasfasgaslfalfabrin
2020-07-31 02:02:08.419 TRACE glog_exp (main.go:main.loggic:13) msg:gjldfasfasgaslfalfabrin
2020-07-31 02:02:08.419 INFO glog_exp (main.go:main.loggic:14) msg:gjldfasfasgaslfalfabrin
2020-07-31 02:02:08.419 WARN glog_exp (main.go:main.loggic:15) msg:gjldfasfasgaslfalfabrin
2020-07-31 02:02:08.419 ERROR glog_exp (main.go:main.loggic:16) msg:gjldfasfasgaslfalfabrin
2020-07-31 02:02:08.419 FATAL glog_exp (main.go:main.loggic:17) msg:gjldfasfasgaslfalfabrin
2020-07-31 02:02:11.419 DEBUG glog_exp (main.go:main.loggic:12) msg:gjldfasfasgaslfalfabrin
2020-07-31 02:02:11.419 TRACE glog_exp (main.go:main.loggic:13) msg:gjldfasfasgaslfalfabrin
2020-07-31 02:02:11.419 INFO glog_exp (main.go:main.loggic:14) msg:gjldfasfasgaslfalfabrin
2020-07-31 02:02:11.419 WARN glog_exp (main.go:main.loggic:15) msg:gjldfasfasgaslfalfabrin
2020-07-31 02:02:11.419 ERROR glog_exp (main.go:main.loggic:16) msg:gjldfasfasgaslfalfabrin
2020-07-31 02:02:11.419 FATAL glog_exp (main.go:main.loggic:17) msg:gjldfasfasgaslfalfabrin
2020-07-31 02:02:14.422 DEBUG glog_exp (main.go:main.loggic:12) msg:gjldfasfasgaslfalfabrin
2020-07-31 02:02:14.422 TRACE glog_exp (main.go:main.loggic:13) msg:gjldfasfasgaslfalfabrin
2020-07-31 02:02:14.422 INFO glog_exp (main.go:main.loggic:14) msg:gjldfasfasgaslfalfabrin
2020-07-31 02:02:14.422 WARN glog_exp (main.go:main.loggic:15) msg:gjldfasfasgaslfalfabrin
2020-07-31 02:02:14.422 ERROR glog_exp (main.go:main.loggic:16) msg:gjldfasfasgaslfalfabrin
2020-07-31 02:02:14.422 FATAL glog_exp (main.go:main.loggic:17) msg:gjldfasfasgaslfalfabrin
2020-07-31 02:02:17.424 DEBUG glog_exp (main.go:main.loggic:12) msg:gjldfasfasgaslfalfabrin
2020-07-31 02:02:17.424 TRACE glog_exp (main.go:main.loggic:13) msg:gjldfasfasgaslfalfabrin
2020-07-31 02:02:17.424 INFO glog_exp (main.go:main.loggic:14) msg:gjldfasfasgaslfalfabrin
2020-07-31 02:02:17.424 WARN glog_exp (main.go:main.loggic:15) msg:gjldfasfasgaslfalfabrin
2020-07-31 02:02:17.424 ERROR glog_exp (main.go:main.loggic:16) msg:gjldfasfasgaslfalfabrin
2020-07-31 02:02:17.424 FATAL glog_exp (main.go:main.loggic:17) msg:gjldfasfasgaslfalfabrin
2020-07-31 02:02:20.425 DEBUG glog_exp (main.go:main.loggic:12) msg:gjldfasfasgaslfalfabrin
2020-07-31 02:02:20.425 TRACE glog_exp (main.go:main.loggic:13) msg:gjldfasfasgaslfalfabrin
2020-07-31 02:02:20.426 INFO glog_exp (main.go:main.loggic:14) msg:gjldfasfasgaslfalfabrin
2020-07-31 02:02:20.426 WARN glog_exp (main.go:main.loggic:15) msg:gjldfasfasgaslfalfabrin
2020-07-31 02:02:20.426 ERROR glog_exp (main.go:main.loggic:16) msg:gjldfasfasgaslfalfabrin
2020-07-31 02:02:20.426 FATAL glog_exp (main.go:main.loggic:17) msg:gjldfasfasgaslfalfabrin
2020-07-31 02:02:23.429 DEBUG glog_exp (main.go:main.loggic:12) msg:gjldfasfasgaslfalfabrin
2020-07-31 02:02:23.429 TRACE glog_exp (main.go:main.loggic:13) msg:gjldfasfasgaslfalfabrin
2020-07-31 02:02:23.429 INFO glog_exp (main.go:main.loggic:14) msg:gjldfasfasgaslfalfabrin
2020-07-31 02:02:23.429 WARN glog_exp (main.go:main.loggic:15) msg:gjldfasfasgaslfalfabrin
2020-07-31 02:02:23.429 ERROR glog_exp (main.go:main.loggic:16) msg:gjldfasfasgaslfalfabrin
2020-07-31 02:02:23.429 FATAL glog_exp (main.go:main.loggic:17) msg:gjldfasfasgaslfalfabrin
2020-07-31 02:02:26.430 DEBUG glog_exp (main.go:main.loggic:12) msg:gjldfasfasgaslfalfabrin
2020-07-31 02:02:26.430 TRACE glog_exp (main.go:main.loggic:13) msg:gjldfasfasgaslfalfabrin
2020-07-31 02:02:26.430 INFO glog_exp (main.go:main.loggic:14) msg:gjldfasfasgaslfalfabrin
2020-07-31 02:02:26.430 WARN glog_exp (main.go:main.loggic:15) msg:gjldfasfasgaslfalfabrin
2020-07-31 02:02:26.430 ERROR glog_exp (main.go:main.loggic:16) msg:gjldfasfasgaslfalfabrin
2020-07-31 02:02:26.430 FATAL glog_exp (main.go:main.loggic:17) msg:gjldfasfasgaslfalfabrin
2020-07-31 02:02:29.435 DEBUG glog_exp (main.go:main.loggic:12) msg:gjldfasfasgaslfalfabrin
2020-07-31 02:02:29.435 TRACE glog_exp (main.go:main.loggic:13) msg:gjldfasfasgaslfalfabrin
2020-07-31 02:02:29.435 INFO glog_exp (main.go:main.loggic:14) msg:gjldfasfasgaslfalfabrin
2020-07-31 02:02:29.435 WARN glog_exp (main.go:main.loggic:15) msg:gjldfasfasgaslfalfabrin
2020-07-31 02:02:29.435 ERROR glog_exp (main.go:main.loggic:16) msg:gjldfasfasgaslfalfabrin
2020-07-31 02:02:29.435 FATAL glog_exp (main.go:main.loggic:17) msg:gjldfasfasgaslfalfabrin
2020-07-31 02:02:32.440 DEBUG glog_exp (main.go:main.loggic:12) msg:gjldfasfasgaslfalfabrin
2020-07-31 02:02:32.440 TRACE glog_exp (main.go:main.loggic:13) msg:gjldfasfasgaslfalfabrin
2020-07-31 02:02:32.440 INFO glog_exp (main.go:main.loggic:14) msg:gjldfasfasgaslfalfabrin
2020-07-31 02:02:32.440 WARN glog_exp (main.go:main.loggic:15) msg:gjldfasfasgaslfalfabrin
2020-07-31 02:02:32.440 ERROR glog_exp (main.go:main.loggic:16) msg:gjldfasfasgaslfalfabrin
2020-07-31 02:02:32.440 FATAL glog_exp (main.go:main.loggic:17) msg:gjldfasfasgaslfalfabrin
2020-07-31 02:02:35.444 DEBUG glog_exp (main.go:main.loggic:12) msg:gjldfasfasgaslfalfabrin
2020-07-31 02:02:35.445 TRACE glog_exp (main.go:main.loggic:13) msg:gjldfasfasgaslfalfabrin
2020-07-31 02:02:35.445 INFO glog_exp (main.go:main.loggic:14) msg:gjldfasfasgaslfalfabrin
2020-07-31 02:02:35.445 WARN glog_exp (main.go:main.loggic:15) msg:gjldfasfasgaslfalfabrin
2020-07-31 02:02:35.445 ERROR glog_exp (main.go:main.loggic:16) msg:gjldfasfasgaslfalfabrin
2020-07-31 02:02:35.445 FATAL glog_exp (main.go:main.loggic:17) msg:gjldfasfasgaslfalfabrin
2020-07-31 02:02:38.446 DEBUG glog_exp (main.go:main.loggic:12) msg:gjldfasfasgaslfalfabrin
2020-07-31 02:02:38.446 TRACE glog_exp (main.go:main.loggic:13) msg:gjldfasfasgaslfalfabrin
2020-07-31 02:02:38.446 INFO glog_exp (main.go:main.loggic:14) msg:gjldfasfasgaslfalfabrin
2020-07-31 02:02:38.446 WARN glog_exp (main.go:main.loggic:15) msg:gjldfasfasgaslfalfabrin
2020-07-31 02:02:38.446 ERROR glog_exp (main.go:main.loggic:16) msg:gjldfasfasgaslfalfabrin
2020-07-31 02:02:38.446 FATAL glog_exp (main.go:main.loggic:17) msg:gjldfasfasgaslfalfabrin
2020-07-31 02:02:41.451 DEBUG glog_exp (main.go:main.loggic:12) msg:gjldfasfasgaslfalfabrin
2020-07-31 02:02:41.451 TRACE glog_exp (main.go:main.loggic:13) msg:gjldfasfasgaslfalfabrin
2020-07-31 02:02:41.451 INFO glog_exp (main.go:main.loggic:14) msg:gjldfasfasgaslfalfabrin
2020-07-31 02:02:41.451 WARN glog_exp (main.go:main.loggic:15) msg:gjldfasfasgaslfalfabrin
2020-07-31 02:02:41.451 ERROR glog_exp (main.go:main.loggic:16) msg:gjldfasfasgaslfalfabrin
2020-07-31 02:02:41.451 FATAL glog_exp (main.go:main.loggic:17) msg:gjldfasfasgaslfalfabrin
2020-07-31 02:02:44.454 DEBUG glog_exp (main.go:main.loggic:12) msg:gjldfasfasgaslfalfabrin
2020-07-31 02:02:44.454 TRACE glog_exp (main.go:main.loggic:13) msg:gjldfasfasgaslfalfabrin
2020-07-31 02:02:44.454 INFO glog_exp (main.go:main.loggic:14) msg:gjldfasfasgaslfalfabrin
2020-07-31 02:02:44.455 WARN glog_exp (main.go:main.loggic:15) msg:gjldfasfasgaslfalfabrin
2020-07-31 02:02:44.455 ERROR glog_exp (main.go:main.loggic:16) msg:gjldfasfasgaslfalfabrin
2020-07-31 02:02:44.455 FATAL glog_exp (main.go:main.loggic:17) msg:gjldfasfasgaslfalfabrin
2020-07-31 02:02:47.456 DEBUG glog_exp (main.go:main.loggic:12) msg:gjldfasfasgaslfalfabrin
2020-07-31 02:02:47.456 TRACE glog_exp (main.go:main.loggic:13) msg:gjldfasfasgaslfalfabrin
2020-07-31 02:02:47.456 INFO glog_exp (main.go:main.loggic:14) msg:gjldfasfasgaslfalfabrin
2020-07-31 02:02:47.456 WARN glog_exp (main.go:main.loggic:15) msg:gjldfasfasgaslfalfabrin
2020-07-31 02:02:47.456 ERROR glog_exp (main.go:main.loggic:16) msg:gjldfasfasgaslfalfabrin
2020-07-31 02:02:47.456 FATAL glog_exp (main.go:main.loggic:17) msg:gjldfasfasgaslfalfabrin
2020-07-31 02:02:50.456 DEBUG glog_exp (main.go:main.loggic:12) msg:gjldfasfasgaslfalfabrin
2020-07-31 02:02:50.456 TRACE glog_exp (main.go:main.loggic:13) msg:gjldfasfasgaslfalfabrin
2020-07-31 02:02:50.456 INFO glog_exp (main.go:main.loggic:14) msg:gjldfasfasgaslfalfabrin
2020-07-31 02:02:50.456 WARN glog_exp (main.go:main.loggic:15) msg:gjldfasfasgaslfalfabrin
2020-07-31 02:02:50.456 ERROR glog_exp (main.go:main.loggic:16) msg:gjldfasfasgaslfalfabrin
2020-07-31 02:02:50.456 FATAL glog_exp (main.go:main.loggic:17) msg:gjldfasfasgaslfalfabrin
2020-07-31 02:02:53.461 DEBUG glog_exp (main.go:main.loggic:12) msg:gjldfasfasgaslfalfabrin
2020-07-31 02:02:53.461 TRACE glog_exp (main.go:main.loggic:13) msg:gjldfasfasgaslfalfabrin
2020-07-31 02:02:53.461 INFO glog_exp (main.go:main.loggic:14) msg:gjldfasfasgaslfalfabrin
2020-07-31 02:02:53.461 WARN glog_exp (main.go:main.loggic:15) msg:gjldfasfasgaslfalfabrin
2020-07-31 02:02:53.461 ERROR glog_exp (main.go:main.loggic:16) msg:gjldfasfasgaslfalfabrin
2020-07-31 02:02:53.461 FATAL glog_exp (main.go:main.loggic:17) msg:gjldfasfasgaslfalfabrin
2020-07-31 02:02:56.466 DEBUG glog_exp (main.go:main.loggic:12) msg:gjldfasfasgaslfalfabrin
2020-07-31 02:02:56.467 TRACE glog_exp (main.go:main.loggic:13) msg:gjldfasfasgaslfalfabrin
2020-07-31 02:02:56.467 INFO glog_exp (main.go:main.loggic:14) msg:gjldfasfasgaslfalfabrin
2020-07-31 02:02:56.467 WARN glog_exp (main.go:main.loggic:15) msg:gjldfasfasgaslfalfabrin
2020-07-31 02:02:56.467 ERROR glog_exp (main.go:main.loggic:16) msg:gjldfasfasgaslfalfabrin
2020-07-31 02:02:56.467 FATAL glog_exp (main.go:main.loggic:17) msg:gjldfasfasgaslfalfabrin
2020-07-31 02:02:59.470 DEBUG glog_exp (main.go:main.loggic:12) msg:gjldfasfasgaslfalfabrin
2020-07-31 02:02:59.470 TRACE glog_exp (main.go:main.loggic:13) msg:gjldfasfasgaslfalfabrin
2020-07-31 02:02:59.470 INFO glog_exp (main.go:main.loggic:14) msg:gjldfasfasgaslfalfabrin
2020-07-31 02:02:59.470 WARN glog_exp (main.go:main.loggic:15) msg:gjldfasfasgaslfalfabrin
2020-07-31 02:02:59.470 ERROR glog_exp (main.go:main.loggic:16) msg:gjldfasfasgaslfalfabrin
2020-07-31 02:02:59.470 FATAL glog_exp (main.go:main.loggic:17) msg:gjldfasfasgaslfalfabrin
2020-07-31 02:03:02.472 DEBUG glog_exp (main.go:main.loggic:12) msg:gjldfasfasgaslfalfabrin
2020-07-31 02:03:02.472 TRACE glog_exp (main.go:main.loggic:13) msg:gjldfasfasgaslfalfabrin
2020-07-31 02:03:02.472 INFO glog_exp (main.go:main.loggic:14) msg:gjldfasfasgaslfalfabrin
2020-07-31 02:03:02.472 WARN glog_exp (main.go:main.loggic:15) msg:gjldfasfasgaslfalfabrin
2020-07-31 02:03:02.472 ERROR glog_exp (main.go:main.loggic:16) msg:gjldfasfasgaslfalfabrin
2020-07-31 02:03:02.472 FATAL glog_exp (main.go:main.loggic:17) msg:gjldfasfasgaslfalfabrin
2020-07-31 02:03:05.477 DEBUG glog_exp (main.go:main.loggic:12) msg:gjldfasfasgaslfalfabrin
2020-07-31 02:03:05.477 TRACE glog_exp (main.go:main.loggic:13) msg:gjldfasfasgaslfalfabrin
2020-07-31 02:03:05.477 INFO glog_exp (main.go:main.loggic:14) msg:gjldfasfasgaslfalfabrin
2020-07-31 02:03:05.477 WARN glog_exp (main.go:main.loggic:15) msg:gjldfasfasgaslfalfabrin
2020-07-31 02:03:05.477 ERROR glog_exp (main.go:main.loggic:16) msg:gjldfasfasgaslfalfabrin
2020-07-31 02:03:05.477 FATAL glog_exp (main.go:main.loggic:17) msg:gjldfasfasgaslfalfabrin
